{
  "RSpec": {
    "coverage": {
      "/Users/nityamvakil/Work/Rails/Crossover/NityamVakil_SA_RubyRails_Tickets/Code/ticketing_service/spec/rails_helper.rb": [
        null,
        1,
        1,
        null,
        1,
        1,
        1,
        1,
        null,
        1,
        1,
        null,
        null,
        null,
        null,
        null,
        null,
        null,
        null,
        null,
        null,
        null,
        null,
        null,
        null,
        null,
        null,
        null,
        null,
        null,
        1,
        null,
        1,
        null,
        1,
        null,
        null,
        null,
        null,
        1,
        null,
        null,
        null,
        null,
        null,
        null,
        null,
        null,
        null,
        null,
        null,
        null,
        null,
        null,
        1,
        null,
        null,
        1,
        null,
        null,
        null,
        1,
        null,
        1,
        1,
        null,
        1,
        1,
        1,
        1,
        null,
        null,
        1,
        1,
        1,
        null,
        1,
        null,
        null,
        null
      ],
      "/Users/nityamvakil/Work/Rails/Crossover/NityamVakil_SA_RubyRails_Tickets/Code/ticketing_service/config/environment.rb": [
        null,
        1,
        null,
        null,
        1
      ],
      "/Users/nityamvakil/Work/Rails/Crossover/NityamVakil_SA_RubyRails_Tickets/Code/ticketing_service/config/application.rb": [
        1,
        null,
        1,
        1,
        null,
        null,
        null,
        1,
        null,
        1,
        1,
        1,
        null,
        null,
        null,
        null,
        null,
        1,
        1,
        1,
        1,
        null,
        1,
        null,
        1,
        null,
        1,
        1,
        1,
        1,
        null,
        null,
        null,
        null
      ],
      "/Users/nityamvakil/Work/Rails/Crossover/NityamVakil_SA_RubyRails_Tickets/Code/ticketing_service/config/boot.rb": [
        1,
        null,
        1
      ],
      "/Users/nityamvakil/Work/Rails/Crossover/NityamVakil_SA_RubyRails_Tickets/Code/ticketing_service/config/environments/test.rb": [
        1,
        null,
        null,
        null,
        null,
        null,
        null,
        1,
        null,
        null,
        null,
        null,
        1,
        null,
        null,
        1,
        1,
        null,
        null,
        1,
        1,
        null,
        null,
        1,
        null,
        null,
        1,
        null,
        null,
        null,
        null,
        1,
        null,
        null,
        1,
        null,
        null,
        1,
        null,
        null,
        null,
        null
      ],
      "/Users/nityamvakil/Work/Rails/Crossover/NityamVakil_SA_RubyRails_Tickets/Code/ticketing_service/config/initializers/filter_parameter_logging.rb": [
        null,
        null,
        null,
        1
      ],
      "/Users/nityamvakil/Work/Rails/Crossover/NityamVakil_SA_RubyRails_Tickets/Code/ticketing_service/config/initializers/jwt.rb": [
        1
      ],
      "/Users/nityamvakil/Work/Rails/Crossover/NityamVakil_SA_RubyRails_Tickets/Code/ticketing_service/lib/json_web_token.rb": [
        1,
        null,
        null,
        null,
        null,
        null,
        null,
        1,
        1,
        4,
        null,
        null,
        1,
        2,
        null,
        null
      ],
      "/Users/nityamvakil/Work/Rails/Crossover/NityamVakil_SA_RubyRails_Tickets/Code/ticketing_service/config/initializers/secret_token.rb": [
        null,
        null,
        null,
        null,
        null,
        null,
        null,
        null,
        null,
        null,
        null,
        null,
        null,
        null,
        null,
        null,
        null,
        null,
        1
      ],
      "/Users/nityamvakil/Work/Rails/Crossover/NityamVakil_SA_RubyRails_Tickets/Code/ticketing_service/config/initializers/states.rb": [
        null,
        null,
        null,
        null,
        null,
        1,
        1,
        null,
        null,
        null,
        null,
        1,
        null,
        null,
        null,
        null,
        null,
        1,
        null,
        null,
        null,
        null,
        null,
        null,
        null,
        1,
        1,
        null,
        null,
        1,
        27,
        null,
        null,
        1,
        35,
        null,
        null,
        1,
        2,
        null,
        null,
        1,
        2,
        null,
        null,
        1,
        2,
        null,
        null
      ],
      "/Users/nityamvakil/Work/Rails/Crossover/NityamVakil_SA_RubyRails_Tickets/Code/ticketing_service/config/initializers/wrap_parameters.rb": [
        null,
        null,
        null,
        null,
        null,
        null,
        null,
        null,
        null,
        null,
        null,
        null,
        null
      ],
      "/Users/nityamvakil/Work/Rails/Crossover/NityamVakil_SA_RubyRails_Tickets/Code/ticketing_service/spec/factories/agent.rb": [
        1,
        1,
        42,
        42,
        1,
        1,
        null,
        null
      ],
      "/Users/nityamvakil/Work/Rails/Crossover/NityamVakil_SA_RubyRails_Tickets/Code/ticketing_service/spec/factories/ticket.rb": [
        1,
        1,
        21,
        1,
        null,
        1,
        25,
        null,
        null,
        null
      ],
      "/Users/nityamvakil/Work/Rails/Crossover/NityamVakil_SA_RubyRails_Tickets/Code/ticketing_service/spec/factories/user.rb": [
        1,
        1,
        33,
        33,
        1,
        null,
        1,
        1,
        1,
        null,
        null,
        1,
        null,
        null
      ],
      "/Users/nityamvakil/Work/Rails/Crossover/NityamVakil_SA_RubyRails_Tickets/Code/ticketing_service/config/routes.rb": [
        1,
        1,
        null,
        1,
        1,
        1,
        1,
        1,
        1,
        null,
        null,
        1,
        1,
        1,
        1,
        null,
        null,
        1,
        1,
        1,
        1,
        1,
        1,
        null,
        null,
        1,
        1,
        1,
        1,
        1,
        1,
        null,
        null,
        null
      ],
      "/Users/nityamvakil/Work/Rails/Crossover/NityamVakil_SA_RubyRails_Tickets/Code/ticketing_service/spec/helpers.rb": [
        null,
        null,
        null,
        null,
        null,
        1,
        null
      ],
      "/Users/nityamvakil/Work/Rails/Crossover/NityamVakil_SA_RubyRails_Tickets/Code/ticketing_service/spec/models/agent_spec.rb": [
        1,
        1,
        4,
        null,
        null,
        1,
        2,
        null,
        null,
        1,
        4,
        null,
        2,
        2,
        2,
        null,
        null,
        1,
        3,
        null,
        2,
        2,
        null,
        null,
        1,
        1,
        2,
        2,
        null,
        null,
        2,
        2,
        null,
        null
      ],
      "/Users/nityamvakil/Work/Rails/Crossover/NityamVakil_SA_RubyRails_Tickets/Code/ticketing_service/app/models/agent.rb": [
        null,
        null,
        null,
        null,
        null,
        1,
        1,
        null,
        1,
        1,
        1,
        1,
        null,
        1,
        1,
        null,
        1,
        null,
        1,
        null,
        1,
        null,
        1,
        56,
        null,
        null,
        1,
        5,
        null,
        null
      ],
      "/Users/nityamvakil/Work/Rails/Crossover/NityamVakil_SA_RubyRails_Tickets/Code/ticketing_service/spec/models/ticket_spec.rb": [
        1,
        6,
        1,
        null,
        null,
        2,
        null,
        null,
        1,
        2,
        2,
        2,
        null,
        null,
        1,
        3,
        null,
        2,
        2,
        null,
        null,
        1,
        1,
        1,
        2,
        2,
        null,
        null,
        2,
        2,
        null,
        null,
        1,
        1,
        1,
        1,
        null,
        null,
        1,
        2,
        null,
        null,
        null,
        null,
        null
      ],
      "/Users/nityamvakil/Work/Rails/Crossover/NityamVakil_SA_RubyRails_Tickets/Code/ticketing_service/app/models/ticket.rb": [
        null,
        null,
        null,
        null,
        null,
        1,
        1,
        1,
        null,
        1,
        null,
        1,
        1,
        null,
        1,
        4,
        null,
        1,
        null,
        1,
        null,
        5,
        1,
        null,
        null,
        null,
        1,
        1,
        4,
        null,
        null,
        null
      ],
      "/Users/nityamvakil/Work/Rails/Crossover/NityamVakil_SA_RubyRails_Tickets/Code/ticketing_service/spec/models/user_spec.rb": [
        1,
        5,
        1,
        null,
        null,
        2,
        null,
        null,
        1,
        4,
        null,
        2,
        2,
        2,
        null,
        null,
        1,
        3,
        null,
        2,
        2,
        null,
        null,
        1,
        1,
        2,
        2,
        null,
        null,
        2,
        2,
        null,
        null
      ],
      "/Users/nityamvakil/Work/Rails/Crossover/NityamVakil_SA_RubyRails_Tickets/Code/ticketing_service/app/models/user.rb": [
        null,
        null,
        null,
        null,
        null,
        1,
        1,
        null,
        1,
        1,
        1,
        1,
        null,
        1,
        null,
        1,
        null,
        1,
        null,
        1,
        43,
        null,
        null
      ],
      "/Users/nityamvakil/Work/Rails/Crossover/NityamVakil_SA_RubyRails_Tickets/Code/ticketing_service/spec/services/agents/assignment_spec.rb": [
        1,
        1,
        15,
        15,
        null,
        15,
        15,
        15,
        null,
        null,
        1,
        4,
        null,
        1,
        2,
        2,
        null,
        null,
        1,
        1,
        1,
        null,
        null,
        2,
        null,
        null,
        null,
        1,
        4,
        null,
        1,
        2,
        2,
        null,
        null,
        1,
        1,
        1,
        null,
        null,
        3,
        null,
        null,
        null,
        1,
        4,
        null,
        1,
        2,
        2,
        null,
        null,
        1,
        1,
        1,
        null,
        null,
        2,
        null,
        null,
        null,
        1,
        4,
        null,
        1,
        2,
        2,
        null,
        null,
        1,
        1,
        1,
        null,
        null,
        3,
        null,
        null,
        null,
        1,
        1,
        3,
        3,
        null,
        3,
        null,
        null,
        1,
        2,
        2,
        null,
        null,
        1,
        1,
        1,
        null,
        null,
        2,
        null,
        null,
        null
      ],
      "/Users/nityamvakil/Work/Rails/Crossover/NityamVakil_SA_RubyRails_Tickets/Code/ticketing_service/app/services/agents/assignment.rb": [
        1,
        null,
        null,
        null,
        null,
        null,
        1,
        1,
        18,
        null,
        null,
        1,
        null,
        null,
        null,
        18,
        null,
        null,
        1,
        6,
        null,
        null,
        1,
        6,
        6,
        null,
        null,
        1,
        3,
        3,
        null,
        null,
        1,
        3,
        null,
        null,
        null,
        1,
        null,
        1,
        2,
        null,
        null,
        null
      ],
      "/Users/nityamvakil/Work/Rails/Crossover/NityamVakil_SA_RubyRails_Tickets/Code/ticketing_service/spec/services/jwt/json_web_token_spec.rb": [
        1,
        3,
        null,
        1,
        1,
        3,
        null,
        2,
        2,
        null,
        null,
        1,
        3,
        null,
        2,
        2,
        null,
        null,
        null
      ],
      "/Users/nityamvakil/Work/Rails/Crossover/NityamVakil_SA_RubyRails_Tickets/Code/ticketing_service/spec/services/tickets/crud_spec.rb": [
        1,
        1,
        5,
        null,
        2,
        null,
        1,
        null,
        null,
        3,
        null,
        null,
        1,
        null,
        null,
        null,
        1,
        null,
        null,
        1,
        4,
        4,
        4,
        null,
        null,
        1,
        4,
        null,
        2,
        null,
        1,
        2,
        null,
        null,
        1,
        1,
        1,
        null,
        null,
        null,
        1,
        2,
        null,
        2,
        null,
        null
      ],
      "/Users/nityamvakil/Work/Rails/Crossover/NityamVakil_SA_RubyRails_Tickets/Code/ticketing_service/app/services/tickets/crud.rb": [
        1,
        null,
        null,
        null,
        null,
        null,
        1,
        1,
        4,
        null,
        null,
        1,
        null,
        1,
        3,
        3,
        null,
        null,
        1,
        1,
        null,
        null,
        1,
        null,
        1,
        3,
        null,
        null,
        null
      ],
      "/Users/nityamvakil/Work/Rails/Crossover/NityamVakil_SA_RubyRails_Tickets/Code/ticketing_service/app/exceptions/exceptions.rb": [
        1,
        1,
        null,
        null,
        1,
        null,
        null,
        1,
        null,
        null
      ]
    },
    "timestamp": 1499276733
  }
}
